<?xml version="1.0" encoding="UTF-8"?>
<coverage generated="1650008781716" clover="3.2.0">
  <project timestamp="1650008781716" name="All files">
    <metrics statements="5" coveredstatements="4" conditionals="0" coveredconditionals="0" methods="2" coveredmethods="1" elements="7" coveredelements="5" complexity="0" loc="5" ncloc="5" packages="1" files="1" classes="1"/>
    <file name="triangle.js" path="/Users/ramenimo/Desktop/template/src/triangle.js">
      <metrics statements="5" coveredstatements="4" conditionals="0" coveredconditionals="0" methods="2" coveredmethods="1"/>
      <line num="2" count="1" type="stmt"/>
      <line num="3" count="1" type="stmt"/>
      <line num="4" count="1" type="stmt"/>
      <line num="7" count="1" type="stmt"/>
      <line num="8" count="0" type="stmt"/>
    </file>
  </project>
</coverage>
